0 info it worked if it ends with ok
1 verbose cli [ '/usr/local/bin/node',
1 verbose cli   '/usr/local/bin/npm',
1 verbose cli   'run',
1 verbose cli   'e2e-mobile-index' ]
2 info using npm@2.14.12
3 info using node@v4.2.4
4 verbose run-script [ 'pree2e-mobile-index',
4 verbose run-script   'e2e-mobile-index',
4 verbose run-script   'poste2e-mobile-index' ]
5 info pree2e-mobile-index appium-sample-code@1.0.0
6 info e2e-mobile-index appium-sample-code@1.0.0
7 verbose unsafe-perm in lifecycle true
8 info appium-sample-code@1.0.0 Failed to exec e2e-mobile-index script
9 verbose stack Error: appium-sample-code@1.0.0 e2e-mobile-index: `mocha ./mobile-index.js > testLog --reporter mochawesome --reporter-options reportDir=reports/,reportName=mobile-index-report,reportTitle=Elysium-E2E-Mobile-Tests`
9 verbose stack Exit status 104
9 verbose stack     at EventEmitter.<anonymous> (/usr/local/lib/node_modules/npm/lib/utils/lifecycle.js:214:16)
9 verbose stack     at emitTwo (events.js:87:13)
9 verbose stack     at EventEmitter.emit (events.js:172:7)
9 verbose stack     at ChildProcess.<anonymous> (/usr/local/lib/node_modules/npm/lib/utils/spawn.js:24:14)
9 verbose stack     at emitTwo (events.js:87:13)
9 verbose stack     at ChildProcess.emit (events.js:172:7)
9 verbose stack     at maybeClose (internal/child_process.js:818:16)
9 verbose stack     at Process.ChildProcess._handle.onexit (internal/child_process.js:211:5)
10 verbose pkgid appium-sample-code@1.0.0
11 verbose cwd /Users/nguyene/Work/elysium-e2e-mobile
12 error Darwin 15.2.0
13 error argv "/usr/local/bin/node" "/usr/local/bin/npm" "run" "e2e-mobile-index"
14 error node v4.2.4
15 error npm  v2.14.12
16 error code ELIFECYCLE
17 error appium-sample-code@1.0.0 e2e-mobile-index: `mocha ./mobile-index.js > testLog --reporter mochawesome --reporter-options reportDir=reports/,reportName=mobile-index-report,reportTitle=Elysium-E2E-Mobile-Tests`
17 error Exit status 104
18 error Failed at the appium-sample-code@1.0.0 e2e-mobile-index script 'mocha ./mobile-index.js > testLog --reporter mochawesome --reporter-options reportDir=reports/,reportName=mobile-index-report,reportTitle=Elysium-E2E-Mobile-Tests'.
18 error This is most likely a problem with the appium-sample-code package,
18 error not with npm itself.
18 error Tell the author that this fails on your system:
18 error     mocha ./mobile-index.js > testLog --reporter mochawesome --reporter-options reportDir=reports/,reportName=mobile-index-report,reportTitle=Elysium-E2E-Mobile-Tests
18 error You can get their info via:
18 error     npm owner ls appium-sample-code
18 error There is likely additional logging output above.
19 verbose exit [ 1, true ]
